[2022-06-04 15:00:41] local.ERROR: SQLSTATE[08006] [7] FATAL:  role "forge" does not exist (SQL: select * from "users" where "id" = 1394 and "users"."deleted_at" is null limit 1) {"exception":"[object] (Illuminate\\Database\\QueryException(code: 7): SQLSTATE[08006] [7] FATAL:  role \"forge\" does not exist (SQL: select * from \"users\" where \"id\" = 1394 and \"users\".\"deleted_at\" is null limit 1) at D:\\OpenServer\\domains\\e-ijara\\e-ijara-front\\vendor\\laravel\\framework\\src\\Illuminate\\Database\\Connection.php:712)
[stacktrace]
#0 D:\\OpenServer\\domains\\e-ijara\\e-ijara-front\\vendor\\laravel\\framework\\src\\Illuminate\\Database\\Connection.php(672): Illuminate\\Database\\Connection->runQueryCallback()
#1 D:\\OpenServer\\domains\\e-ijara\\e-ijara-front\\vendor\\laravel\\framework\\src\\Illuminate\\Database\\Connection.php(376): Illuminate\\Database\\Connection->run()
#2 D:\\OpenServer\\domains\\e-ijara\\e-ijara-front\\vendor\\laravel\\framework\\src\\Illuminate\\Database\\Query\\Builder.php(2414): Illuminate\\Database\\Connection->select()
#3 D:\\OpenServer\\domains\\e-ijara\\e-ijara-front\\vendor\\laravel\\framework\\src\\Illuminate\\Database\\Query\\Builder.php(2402): Illuminate\\Database\\Query\\Builder->runSelect()
#4 D:\\OpenServer\\domains\\e-ijara\\e-ijara-front\\vendor\\laravel\\framework\\src\\Illuminate\\Database\\Query\\Builder.php(2936): Illuminate\\Database\\Query\\Builder->Illuminate\\Database\\Query\\{closure}()
#5 D:\\OpenServer\\domains\\e-ijara\\e-ijara-front\\vendor\\laravel\\framework\\src\\Illuminate\\Database\\Query\\Builder.php(2403): Illuminate\\Database\\Query\\Builder->onceWithColumns()
#6 D:\\OpenServer\\domains\\e-ijara\\e-ijara-front\\vendor\\laravel\\framework\\src\\Illuminate\\Database\\Eloquent\\Builder.php(625): Illuminate\\Database\\Query\\Builder->get()
#7 D:\\OpenServer\\domains\\e-ijara\\e-ijara-front\\vendor\\laravel\\framework\\src\\Illuminate\\Database\\Eloquent\\Builder.php(609): Illuminate\\Database\\Eloquent\\Builder->getModels()
#8 D:\\OpenServer\\domains\\e-ijara\\e-ijara-front\\vendor\\laravel\\framework\\src\\Illuminate\\Database\\Concerns\\BuildsQueries.php(294): Illuminate\\Database\\Eloquent\\Builder->get()
#9 D:\\OpenServer\\domains\\e-ijara\\e-ijara-front\\vendor\\laravel\\framework\\src\\Illuminate\\Auth\\EloquentUserProvider.php(53): Illuminate\\Database\\Eloquent\\Builder->first()
#10 D:\\OpenServer\\domains\\e-ijara\\e-ijara-front\\vendor\\laravel\\framework\\src\\Illuminate\\Auth\\SessionGuard.php(148): Illuminate\\Auth\\EloquentUserProvider->retrieveById()
#11 D:\\OpenServer\\domains\\e-ijara\\e-ijara-front\\vendor\\laravel\\framework\\src\\Illuminate\\Auth\\AuthManager.php(54): Illuminate\\Auth\\SessionGuard->user()
#12 [internal function]: Illuminate\\Auth\\AuthManager->Illuminate\\Auth\\{closure}()
#13 D:\\OpenServer\\domains\\e-ijara\\e-ijara-front\\vendor\\laravel\\framework\\src\\Illuminate\\Auth\\AuthServiceProvider.php(97): call_user_func()
#14 [internal function]: Illuminate\\Auth\\AuthServiceProvider->Illuminate\\Auth\\{closure}()
#15 D:\\OpenServer\\domains\\e-ijara\\e-ijara-front\\vendor\\laravel\\framework\\src\\Illuminate\\Http\\Request.php(550): call_user_func()
#16 D:\\OpenServer\\domains\\e-ijara\\e-ijara-front\\app\\Providers\\RouteServiceProvider.php(60): Illuminate\\Http\\Request->user()
#17 [internal function]: App\\Providers\\RouteServiceProvider->App\\Providers\\{closure}()
#18 D:\\OpenServer\\domains\\e-ijara\\e-ijara-front\\vendor\\laravel\\framework\\src\\Illuminate\\Routing\\Middleware\\ThrottleRequests.php(85): call_user_func()
#19 D:\\OpenServer\\domains\\e-ijara\\e-ijara-front\\vendor\\laravel\\framework\\src\\Illuminate\\Routing\\Middleware\\ThrottleRequests.php(55): Illuminate\\Routing\\Middleware\\ThrottleRequests->handleRequestUsingNamedLimiter()
#20 D:\\OpenServer\\domains\\e-ijara\\e-ijara-front\\vendor\\laravel\\framework\\src\\Illuminate\\Pipeline\\Pipeline.php(167): Illuminate\\Routing\\Middleware\\ThrottleRequests->handle()
#21 D:\\OpenServer\\domains\\e-ijara\\e-ijara-front\\vendor\\laravel\\framework\\src\\Illuminate\\Session\\Middleware\\StartSession.php(121): Illuminate\\Pipeline\\Pipeline->Illuminate\\Pipeline\\{closure}()
#22 D:\\OpenServer\\domains\\e-ijara\\e-ijara-front\\vendor\\laravel\\framework\\src\\Illuminate\\Session\\Middleware\\StartSession.php(64): Illuminate\\Session\\Middleware\\StartSession->handleStatefulRequest()
#23 D:\\OpenServer\\domains\\e-ijara\\e-ijara-front\\vendor\\laravel\\framework\\src\\Illuminate\\Pipeline\\Pipeline.php(167): Illuminate\\Session\\Middleware\\StartSession->handle()
#24 D:\\OpenServer\\domains\\e-ijara\\e-ijara-front\\vendor\\laravel\\framework\\src\\Illuminate\\Cookie\\Middleware\\EncryptCookies.php(67): Illuminate\\Pipeline\\Pipeline->Illuminate\\Pipeline\\{closure}()
#25 D:\\OpenServer\\domains\\e-ijara\\e-ijara-front\\vendor\\laravel\\framework\\src\\Illuminate\\Pipeline\\Pipeline.php(167): Illuminate\\Cookie\\Middleware\\EncryptCookies->handle()
#26 D:\\OpenServer\\domains\\e-ijara\\e-ijara-front\\vendor\\laravel\\framework\\src\\Illuminate\\Pipeline\\Pipeline.php(103): Illuminate\\Pipeline\\Pipeline->Illuminate\\Pipeline\\{closure}()
#27 D:\\OpenServer\\domains\\e-ijara\\e-ijara-front\\vendor\\laravel\\framework\\src\\Illuminate\\Routing\\Router.php(723): Illuminate\\Pipeline\\Pipeline->then()
#28 D:\\OpenServer\\domains\\e-ijara\\e-ijara-front\\vendor\\laravel\\framework\\src\\Illuminate\\Routing\\Router.php(698): Illuminate\\Routing\\Router->runRouteWithinStack()
#29 D:\\OpenServer\\domains\\e-ijara\\e-ijara-front\\vendor\\laravel\\framework\\src\\Illuminate\\Routing\\Router.php(662): Illuminate\\Routing\\Router->runRoute()
#30 D:\\OpenServer\\domains\\e-ijara\\e-ijara-front\\vendor\\laravel\\framework\\src\\Illuminate\\Routing\\Router.php(651): Illuminate\\Routing\\Router->dispatchToRoute()
#31 D:\\OpenServer\\domains\\e-ijara\\e-ijara-front\\vendor\\laravel\\framework\\src\\Illuminate\\Foundation\\Http\\Kernel.php(167): Illuminate\\Routing\\Router->dispatch()
#32 D:\\OpenServer\\domains\\e-ijara\\e-ijara-front\\vendor\\laravel\\framework\\src\\Illuminate\\Pipeline\\Pipeline.php(128): Illuminate\\Foundation\\Http\\Kernel->Illuminate\\Foundation\\Http\\{closure}()
#33 D:\\OpenServer\\domains\\e-ijara\\e-ijara-front\\vendor\\barryvdh\\laravel-debugbar\\src\\Middleware\\InjectDebugbar.php(67): Illuminate\\Pipeline\\Pipeline->Illuminate\\Pipeline\\{closure}()
#34 D:\\OpenServer\\domains\\e-ijara\\e-ijara-front\\vendor\\laravel\\framework\\src\\Illuminate\\Pipeline\\Pipeline.php(167): Barryvdh\\Debugbar\\Middleware\\InjectDebugbar->handle()
#35 D:\\OpenServer\\domains\\e-ijara\\e-ijara-front\\app\\Http\\Middleware\\JsonMiddleware.php(21): Illuminate\\Pipeline\\Pipeline->Illuminate\\Pipeline\\{closure}()
#36 D:\\OpenServer\\domains\\e-ijara\\e-ijara-front\\vendor\\laravel\\framework\\src\\Illuminate\\Pipeline\\Pipeline.php(167): App\\Http\\Middleware\\JsonMiddleware->handle()
#37 D:\\OpenServer\\domains\\e-ijara\\e-ijara-front\\vendor\\laravel\\framework\\src\\Illuminate\\Foundation\\Http\\Middleware\\TransformsRequest.php(21): Illuminate\\Pipeline\\Pipeline->Illuminate\\Pipeline\\{closure}()
#38 D:\\OpenServer\\domains\\e-ijara\\e-ijara-front\\vendor\\laravel\\framework\\src\\Illuminate\\Foundation\\Http\\Middleware\\ConvertEmptyStringsToNull.php(31): Illuminate\\Foundation\\Http\\Middleware\\TransformsRequest->handle()
#39 D:\\OpenServer\\domains\\e-ijara\\e-ijara-front\\vendor\\laravel\\framework\\src\\Illuminate\\Pipeline\\Pipeline.php(167): Illuminate\\Foundation\\Http\\Middleware\\ConvertEmptyStringsToNull->handle()
#40 D:\\OpenServer\\domains\\e-ijara\\e-ijara-front\\vendor\\laravel\\framework\\src\\Illuminate\\Foundation\\Http\\Middleware\\TransformsRequest.php(21): Illuminate\\Pipeline\\Pipeline->Illuminate\\Pipeline\\{closure}()
#41 D:\\OpenServer\\domains\\e-ijara\\e-ijara-front\\vendor\\laravel\\framework\\src\\Illuminate\\Foundation\\Http\\Middleware\\TrimStrings.php(40): Illuminate\\Foundation\\Http\\Middleware\\TransformsRequest->handle()
#42 D:\\OpenServer\\domains\\e-ijara\\e-ijara-front\\vendor\\laravel\\framework\\src\\Illuminate\\Pipeline\\Pipeline.php(167): Illuminate\\Foundation\\Http\\Middleware\\TrimStrings->handle()
#43 D:\\OpenServer\\domains\\e-ijara\\e-ijara-front\\vendor\\laravel\\framework\\src\\Illuminate\\Foundation\\Http\\Middleware\\ValidatePostSize.php(27): Illuminate\\Pipeline\\Pipeline->Illuminate\\Pipeline\\{closure}()
#44 D:\\OpenServer\\domains\\e-ijara\\e-ijara-front\\vendor\\laravel\\framework\\src\\Illuminate\\Pipeline\\Pipeline.php(167): Illuminate\\Foundation\\Http\\Middleware\\ValidatePostSize->handle()
#45 D:\\OpenServer\\domains\\e-ijara\\e-ijara-front\\vendor\\laravel\\framework\\src\\Illuminate\\Foundation\\Http\\Middleware\\PreventRequestsDuringMaintenance.php(86): Illuminate\\Pipeline\\Pipeline->Illuminate\\Pipeline\\{closure}()
#46 D:\\OpenServer\\domains\\e-ijara\\e-ijara-front\\vendor\\laravel\\framework\\src\\Illuminate\\Pipeline\\Pipeline.php(167): Illuminate\\Foundation\\Http\\Middleware\\PreventRequestsDuringMaintenance->handle()
#47 D:\\OpenServer\\domains\\e-ijara\\e-ijara-front\\vendor\\fruitcake\\laravel-cors\\src\\HandleCors.php(52): Illuminate\\Pipeline\\Pipeline->Illuminate\\Pipeline\\{closure}()
#48 D:\\OpenServer\\domains\\e-ijara\\e-ijara-front\\vendor\\laravel\\framework\\src\\Illuminate\\Pipeline\\Pipeline.php(167): Fruitcake\\Cors\\HandleCors->handle()
#49 D:\\OpenServer\\domains\\e-ijara\\e-ijara-front\\vendor\\fideloper\\proxy\\src\\TrustProxies.php(57): Illuminate\\Pipeline\\Pipeline->Illuminate\\Pipeline\\{closure}()
#50 D:\\OpenServer\\domains\\e-ijara\\e-ijara-front\\vendor\\laravel\\framework\\src\\Illuminate\\Pipeline\\Pipeline.php(167): Fideloper\\Proxy\\TrustProxies->handle()
#51 D:\\OpenServer\\domains\\e-ijara\\e-ijara-front\\vendor\\laravel\\framework\\src\\Illuminate\\Pipeline\\Pipeline.php(103): Illuminate\\Pipeline\\Pipeline->Illuminate\\Pipeline\\{closure}()
#52 D:\\OpenServer\\domains\\e-ijara\\e-ijara-front\\vendor\\laravel\\framework\\src\\Illuminate\\Foundation\\Http\\Kernel.php(142): Illuminate\\Pipeline\\Pipeline->then()
#53 D:\\OpenServer\\domains\\e-ijara\\e-ijara-front\\vendor\\laravel\\framework\\src\\Illuminate\\Foundation\\Http\\Kernel.php(111): Illuminate\\Foundation\\Http\\Kernel->sendRequestThroughRouter()
#54 D:\\OpenServer\\domains\\e-ijara\\e-ijara-front\\public\\index.php(52): Illuminate\\Foundation\\Http\\Kernel->handle()
#55 {main}

[previous exception] [object] (PDOException(code: 7): SQLSTATE[08006] [7] FATAL:  role \"forge\" does not exist at D:\\OpenServer\\domains\\e-ijara\\e-ijara-front\\vendor\\laravel\\framework\\src\\Illuminate\\Database\\Connectors\\Connector.php:70)
[stacktrace]
#0 D:\\OpenServer\\domains\\e-ijara\\e-ijara-front\\vendor\\laravel\\framework\\src\\Illuminate\\Database\\Connectors\\Connector.php(70): PDO->__construct()
#1 D:\\OpenServer\\domains\\e-ijara\\e-ijara-front\\vendor\\laravel\\framework\\src\\Illuminate\\Database\\Connectors\\Connector.php(46): Illuminate\\Database\\Connectors\\Connector->createPdoConnection()
#2 D:\\OpenServer\\domains\\e-ijara\\e-ijara-front\\vendor\\laravel\\framework\\src\\Illuminate\\Database\\Connectors\\PostgresConnector.php(33): Illuminate\\Database\\Connectors\\Connector->createConnection()
#3 D:\\OpenServer\\domains\\e-ijara\\e-ijara-front\\vendor\\laravel\\framework\\src\\Illuminate\\Database\\Connectors\\ConnectionFactory.php(184): Illuminate\\Database\\Connectors\\PostgresConnector->connect()
#4 [internal function]: Illuminate\\Database\\Connectors\\ConnectionFactory->Illuminate\\Database\\Connectors\\{closure}()
#5 D:\\OpenServer\\domains\\e-ijara\\e-ijara-front\\vendor\\laravel\\framework\\src\\Illuminate\\Database\\Connection.php(1064): call_user_func()
#6 D:\\OpenServer\\domains\\e-ijara\\e-ijara-front\\vendor\\laravel\\framework\\src\\Illuminate\\Database\\Connection.php(1100): Illuminate\\Database\\Connection->getPdo()
#7 D:\\OpenServer\\domains\\e-ijara\\e-ijara-front\\vendor\\laravel\\framework\\src\\Illuminate\\Database\\Connection.php(442): Illuminate\\Database\\Connection->getReadPdo()
#8 D:\\OpenServer\\domains\\e-ijara\\e-ijara-front\\vendor\\laravel\\framework\\src\\Illuminate\\Database\\Connection.php(368): Illuminate\\Database\\Connection->getPdoForSelect()
#9 D:\\OpenServer\\domains\\e-ijara\\e-ijara-front\\vendor\\laravel\\framework\\src\\Illuminate\\Database\\Connection.php(705): Illuminate\\Database\\Connection->Illuminate\\Database\\{closure}()
#10 D:\\OpenServer\\domains\\e-ijara\\e-ijara-front\\vendor\\laravel\\framework\\src\\Illuminate\\Database\\Connection.php(672): Illuminate\\Database\\Connection->runQueryCallback()
#11 D:\\OpenServer\\domains\\e-ijara\\e-ijara-front\\vendor\\laravel\\framework\\src\\Illuminate\\Database\\Connection.php(376): Illuminate\\Database\\Connection->run()
#12 D:\\OpenServer\\domains\\e-ijara\\e-ijara-front\\vendor\\laravel\\framework\\src\\Illuminate\\Database\\Query\\Builder.php(2414): Illuminate\\Database\\Connection->select()
#13 D:\\OpenServer\\domains\\e-ijara\\e-ijara-front\\vendor\\laravel\\framework\\src\\Illuminate\\Database\\Query\\Builder.php(2402): Illuminate\\Database\\Query\\Builder->runSelect()
#14 D:\\OpenServer\\domains\\e-ijara\\e-ijara-front\\vendor\\laravel\\framework\\src\\Illuminate\\Database\\Query\\Builder.php(2936): Illuminate\\Database\\Query\\Builder->Illuminate\\Database\\Query\\{closure}()
#15 D:\\OpenServer\\domains\\e-ijara\\e-ijara-front\\vendor\\laravel\\framework\\src\\Illuminate\\Database\\Query\\Builder.php(2403): Illuminate\\Database\\Query\\Builder->onceWithColumns()
#16 D:\\OpenServer\\domains\\e-ijara\\e-ijara-front\\vendor\\laravel\\framework\\src\\Illuminate\\Database\\Eloquent\\Builder.php(625): Illuminate\\Database\\Query\\Builder->get()
#17 D:\\OpenServer\\domains\\e-ijara\\e-ijara-front\\vendor\\laravel\\framework\\src\\Illuminate\\Database\\Eloquent\\Builder.php(609): Illuminate\\Database\\Eloquent\\Builder->getModels()
#18 D:\\OpenServer\\domains\\e-ijara\\e-ijara-front\\vendor\\laravel\\framework\\src\\Illuminate\\Database\\Concerns\\BuildsQueries.php(294): Illuminate\\Database\\Eloquent\\Builder->get()
#19 D:\\OpenServer\\domains\\e-ijara\\e-ijara-front\\vendor\\laravel\\framework\\src\\Illuminate\\Auth\\EloquentUserProvider.php(53): Illuminate\\Database\\Eloquent\\Builder->first()
#20 D:\\OpenServer\\domains\\e-ijara\\e-ijara-front\\vendor\\laravel\\framework\\src\\Illuminate\\Auth\\SessionGuard.php(148): Illuminate\\Auth\\EloquentUserProvider->retrieveById()
#21 D:\\OpenServer\\domains\\e-ijara\\e-ijara-front\\vendor\\laravel\\framework\\src\\Illuminate\\Auth\\AuthManager.php(54): Illuminate\\Auth\\SessionGuard->user()
#22 [internal function]: Illuminate\\Auth\\AuthManager->Illuminate\\Auth\\{closure}()
#23 D:\\OpenServer\\domains\\e-ijara\\e-ijara-front\\vendor\\laravel\\framework\\src\\Illuminate\\Auth\\AuthServiceProvider.php(97): call_user_func()
#24 [internal function]: Illuminate\\Auth\\AuthServiceProvider->Illuminate\\Auth\\{closure}()
#25 D:\\OpenServer\\domains\\e-ijara\\e-ijara-front\\vendor\\laravel\\framework\\src\\Illuminate\\Http\\Request.php(550): call_user_func()
#26 D:\\OpenServer\\domains\\e-ijara\\e-ijara-front\\app\\Providers\\RouteServiceProvider.php(60): Illuminate\\Http\\Request->user()
#27 [internal function]: App\\Providers\\RouteServiceProvider->App\\Providers\\{closure}()
#28 D:\\OpenServer\\domains\\e-ijara\\e-ijara-front\\vendor\\laravel\\framework\\src\\Illuminate\\Routing\\Middleware\\ThrottleRequests.php(85): call_user_func()
#29 D:\\OpenServer\\domains\\e-ijara\\e-ijara-front\\vendor\\laravel\\framework\\src\\Illuminate\\Routing\\Middleware\\ThrottleRequests.php(55): Illuminate\\Routing\\Middleware\\ThrottleRequests->handleRequestUsingNamedLimiter()
#30 D:\\OpenServer\\domains\\e-ijara\\e-ijara-front\\vendor\\laravel\\framework\\src\\Illuminate\\Pipeline\\Pipeline.php(167): Illuminate\\Routing\\Middleware\\ThrottleRequests->handle()
#31 D:\\OpenServer\\domains\\e-ijara\\e-ijara-front\\vendor\\laravel\\framework\\src\\Illuminate\\Session\\Middleware\\StartSession.php(121): Illuminate\\Pipeline\\Pipeline->Illuminate\\Pipeline\\{closure}()
#32 D:\\OpenServer\\domains\\e-ijara\\e-ijara-front\\vendor\\laravel\\framework\\src\\Illuminate\\Session\\Middleware\\StartSession.php(64): Illuminate\\Session\\Middleware\\StartSession->handleStatefulRequest()
#33 D:\\OpenServer\\domains\\e-ijara\\e-ijara-front\\vendor\\laravel\\framework\\src\\Illuminate\\Pipeline\\Pipeline.php(167): Illuminate\\Session\\Middleware\\StartSession->handle()
#34 D:\\OpenServer\\domains\\e-ijara\\e-ijara-front\\vendor\\laravel\\framework\\src\\Illuminate\\Cookie\\Middleware\\EncryptCookies.php(67): Illuminate\\Pipeline\\Pipeline->Illuminate\\Pipeline\\{closure}()
#35 D:\\OpenServer\\domains\\e-ijara\\e-ijara-front\\vendor\\laravel\\framework\\src\\Illuminate\\Pipeline\\Pipeline.php(167): Illuminate\\Cookie\\Middleware\\EncryptCookies->handle()
#36 D:\\OpenServer\\domains\\e-ijara\\e-ijara-front\\vendor\\laravel\\framework\\src\\Illuminate\\Pipeline\\Pipeline.php(103): Illuminate\\Pipeline\\Pipeline->Illuminate\\Pipeline\\{closure}()
#37 D:\\OpenServer\\domains\\e-ijara\\e-ijara-front\\vendor\\laravel\\framework\\src\\Illuminate\\Routing\\Router.php(723): Illuminate\\Pipeline\\Pipeline->then()
#38 D:\\OpenServer\\domains\\e-ijara\\e-ijara-front\\vendor\\laravel\\framework\\src\\Illuminate\\Routing\\Router.php(698): Illuminate\\Routing\\Router->runRouteWithinStack()
#39 D:\\OpenServer\\domains\\e-ijara\\e-ijara-front\\vendor\\laravel\\framework\\src\\Illuminate\\Routing\\Router.php(662): Illuminate\\Routing\\Router->runRoute()
#40 D:\\OpenServer\\domains\\e-ijara\\e-ijara-front\\vendor\\laravel\\framework\\src\\Illuminate\\Routing\\Router.php(651): Illuminate\\Routing\\Router->dispatchToRoute()
#41 D:\\OpenServer\\domains\\e-ijara\\e-ijara-front\\vendor\\laravel\\framework\\src\\Illuminate\\Foundation\\Http\\Kernel.php(167): Illuminate\\Routing\\Router->dispatch()
#42 D:\\OpenServer\\domains\\e-ijara\\e-ijara-front\\vendor\\laravel\\framework\\src\\Illuminate\\Pipeline\\Pipeline.php(128): Illuminate\\Foundation\\Http\\Kernel->Illuminate\\Foundation\\Http\\{closure}()
#43 D:\\OpenServer\\domains\\e-ijara\\e-ijara-front\\vendor\\barryvdh\\laravel-debugbar\\src\\Middleware\\InjectDebugbar.php(67): Illuminate\\Pipeline\\Pipeline->Illuminate\\Pipeline\\{closure}()
#44 D:\\OpenServer\\domains\\e-ijara\\e-ijara-front\\vendor\\laravel\\framework\\src\\Illuminate\\Pipeline\\Pipeline.php(167): Barryvdh\\Debugbar\\Middleware\\InjectDebugbar->handle()
#45 D:\\OpenServer\\domains\\e-ijara\\e-ijara-front\\app\\Http\\Middleware\\JsonMiddleware.php(21): Illuminate\\Pipeline\\Pipeline->Illuminate\\Pipeline\\{closure}()
#46 D:\\OpenServer\\domains\\e-ijara\\e-ijara-front\\vendor\\laravel\\framework\\src\\Illuminate\\Pipeline\\Pipeline.php(167): App\\Http\\Middleware\\JsonMiddleware->handle()
#47 D:\\OpenServer\\domains\\e-ijara\\e-ijara-front\\vendor\\laravel\\framework\\src\\Illuminate\\Foundation\\Http\\Middleware\\TransformsRequest.php(21): Illuminate\\Pipeline\\Pipeline->Illuminate\\Pipeline\\{closure}()
#48 D:\\OpenServer\\domains\\e-ijara\\e-ijara-front\\vendor\\laravel\\framework\\src\\Illuminate\\Foundation\\Http\\Middleware\\ConvertEmptyStringsToNull.php(31): Illuminate\\Foundation\\Http\\Middleware\\TransformsRequest->handle()
#49 D:\\OpenServer\\domains\\e-ijara\\e-ijara-front\\vendor\\laravel\\framework\\src\\Illuminate\\Pipeline\\Pipeline.php(167): Illuminate\\Foundation\\Http\\Middleware\\ConvertEmptyStringsToNull->handle()
#50 D:\\OpenServer\\domains\\e-ijara\\e-ijara-front\\vendor\\laravel\\framework\\src\\Illuminate\\Foundation\\Http\\Middleware\\TransformsRequest.php(21): Illuminate\\Pipeline\\Pipeline->Illuminate\\Pipeline\\{closure}()
#51 D:\\OpenServer\\domains\\e-ijara\\e-ijara-front\\vendor\\laravel\\framework\\src\\Illuminate\\Foundation\\Http\\Middleware\\TrimStrings.php(40): Illuminate\\Foundation\\Http\\Middleware\\TransformsRequest->handle()
#52 D:\\OpenServer\\domains\\e-ijara\\e-ijara-front\\vendor\\laravel\\framework\\src\\Illuminate\\Pipeline\\Pipeline.php(167): Illuminate\\Foundation\\Http\\Middleware\\TrimStrings->handle()
#53 D:\\OpenServer\\domains\\e-ijara\\e-ijara-front\\vendor\\laravel\\framework\\src\\Illuminate\\Foundation\\Http\\Middleware\\ValidatePostSize.php(27): Illuminate\\Pipeline\\Pipeline->Illuminate\\Pipeline\\{closure}()
#54 D:\\OpenServer\\domains\\e-ijara\\e-ijara-front\\vendor\\laravel\\framework\\src\\Illuminate\\Pipeline\\Pipeline.php(167): Illuminate\\Foundation\\Http\\Middleware\\ValidatePostSize->handle()
#55 D:\\OpenServer\\domains\\e-ijara\\e-ijara-front\\vendor\\laravel\\framework\\src\\Illuminate\\Foundation\\Http\\Middleware\\PreventRequestsDuringMaintenance.php(86): Illuminate\\Pipeline\\Pipeline->Illuminate\\Pipeline\\{closure}()
#56 D:\\OpenServer\\domains\\e-ijara\\e-ijara-front\\vendor\\laravel\\framework\\src\\Illuminate\\Pipeline\\Pipeline.php(167): Illuminate\\Foundation\\Http\\Middleware\\PreventRequestsDuringMaintenance->handle()
#57 D:\\OpenServer\\domains\\e-ijara\\e-ijara-front\\vendor\\fruitcake\\laravel-cors\\src\\HandleCors.php(52): Illuminate\\Pipeline\\Pipeline->Illuminate\\Pipeline\\{closure}()
#58 D:\\OpenServer\\domains\\e-ijara\\e-ijara-front\\vendor\\laravel\\framework\\src\\Illuminate\\Pipeline\\Pipeline.php(167): Fruitcake\\Cors\\HandleCors->handle()
#59 D:\\OpenServer\\domains\\e-ijara\\e-ijara-front\\vendor\\fideloper\\proxy\\src\\TrustProxies.php(57): Illuminate\\Pipeline\\Pipeline->Illuminate\\Pipeline\\{closure}()
#60 D:\\OpenServer\\domains\\e-ijara\\e-ijara-front\\vendor\\laravel\\framework\\src\\Illuminate\\Pipeline\\Pipeline.php(167): Fideloper\\Proxy\\TrustProxies->handle()
#61 D:\\OpenServer\\domains\\e-ijara\\e-ijara-front\\vendor\\laravel\\framework\\src\\Illuminate\\Pipeline\\Pipeline.php(103): Illuminate\\Pipeline\\Pipeline->Illuminate\\Pipeline\\{closure}()
#62 D:\\OpenServer\\domains\\e-ijara\\e-ijara-front\\vendor\\laravel\\framework\\src\\Illuminate\\Foundation\\Http\\Kernel.php(142): Illuminate\\Pipeline\\Pipeline->then()
#63 D:\\OpenServer\\domains\\e-ijara\\e-ijara-front\\vendor\\laravel\\framework\\src\\Illuminate\\Foundation\\Http\\Kernel.php(111): Illuminate\\Foundation\\Http\\Kernel->sendRequestThroughRouter()
#64 D:\\OpenServer\\domains\\e-ijara\\e-ijara-front\\public\\index.php(52): Illuminate\\Foundation\\Http\\Kernel->handle()
#65 {main}
"} 
