[2022-05-30 19:35:17] production.ERROR: No application encryption key has been specified. {"exception":"[object] (Illuminate\\Encryption\\MissingAppKeyException(code: 0): No application encryption key has been specified. at D:\\OpenServer\\domains\\e-ijara\\e-ijara-front\\vendor\\laravel\\framework\\src\\Illuminate\\Encryption\\EncryptionServiceProvider.php:101)
[stacktrace]
#0 D:\\OpenServer\\domains\\e-ijara\\e-ijara-front\\vendor\\laravel\\framework\\src\\Illuminate\\Support\\helpers.php(263): Illuminate\\Encryption\\EncryptionServiceProvider->Illuminate\\Encryption\\{closure}()
#1 D:\\OpenServer\\domains\\e-ijara\\e-ijara-front\\vendor\\laravel\\framework\\src\\Illuminate\\Encryption\\EncryptionServiceProvider.php(103): tap()
#2 D:\\OpenServer\\domains\\e-ijara\\e-ijara-front\\vendor\\laravel\\framework\\src\\Illuminate\\Encryption\\EncryptionServiceProvider.php(82): Illuminate\\Encryption\\EncryptionServiceProvider->key()
#3 D:\\OpenServer\\domains\\e-ijara\\e-ijara-front\\vendor\\laravel\\framework\\src\\Illuminate\\Encryption\\EncryptionServiceProvider.php(34): Illuminate\\Encryption\\EncryptionServiceProvider->parseKey()
#4 D:\\OpenServer\\domains\\e-ijara\\e-ijara-front\\vendor\\laravel\\framework\\src\\Illuminate\\Container\\Container.php(873): Illuminate\\Encryption\\EncryptionServiceProvider->Illuminate\\Encryption\\{closure}()
#5 D:\\OpenServer\\domains\\e-ijara\\e-ijara-front\\vendor\\laravel\\framework\\src\\Illuminate\\Container\\Container.php(758): Illuminate\\Container\\Container->build()
#6 D:\\OpenServer\\domains\\e-ijara\\e-ijara-front\\vendor\\laravel\\framework\\src\\Illuminate\\Foundation\\Application.php(851): Illuminate\\Container\\Container->resolve()
#7 D:\\OpenServer\\domains\\e-ijara\\e-ijara-front\\vendor\\laravel\\framework\\src\\Illuminate\\Container\\Container.php(694): Illuminate\\Foundation\\Application->resolve()
#8 D:\\OpenServer\\domains\\e-ijara\\e-ijara-front\\vendor\\laravel\\framework\\src\\Illuminate\\Foundation\\Application.php(836): Illuminate\\Container\\Container->make()
#9 D:\\OpenServer\\domains\\e-ijara\\e-ijara-front\\vendor\\laravel\\framework\\src\\Illuminate\\Container\\Container.php(1027): Illuminate\\Foundation\\Application->make()
#10 D:\\OpenServer\\domains\\e-ijara\\e-ijara-front\\vendor\\laravel\\framework\\src\\Illuminate\\Container\\Container.php(947): Illuminate\\Container\\Container->resolveClass()
#11 D:\\OpenServer\\domains\\e-ijara\\e-ijara-front\\vendor\\laravel\\framework\\src\\Illuminate\\Container\\Container.php(908): Illuminate\\Container\\Container->resolveDependencies()
#12 D:\\OpenServer\\domains\\e-ijara\\e-ijara-front\\vendor\\laravel\\framework\\src\\Illuminate\\Container\\Container.php(758): Illuminate\\Container\\Container->build()
#13 D:\\OpenServer\\domains\\e-ijara\\e-ijara-front\\vendor\\laravel\\framework\\src\\Illuminate\\Foundation\\Application.php(851): Illuminate\\Container\\Container->resolve()
#14 D:\\OpenServer\\domains\\e-ijara\\e-ijara-front\\vendor\\laravel\\framework\\src\\Illuminate\\Container\\Container.php(694): Illuminate\\Foundation\\Application->resolve()
#15 D:\\OpenServer\\domains\\e-ijara\\e-ijara-front\\vendor\\laravel\\framework\\src\\Illuminate\\Foundation\\Application.php(836): Illuminate\\Container\\Container->make()
#16 D:\\OpenServer\\domains\\e-ijara\\e-ijara-front\\vendor\\laravel\\framework\\src\\Illuminate\\Pipeline\\Pipeline.php(156): Illuminate\\Foundation\\Application->make()
#17 D:\\OpenServer\\domains\\e-ijara\\e-ijara-front\\vendor\\laravel\\framework\\src\\Illuminate\\Pipeline\\Pipeline.php(103): Illuminate\\Pipeline\\Pipeline->Illuminate\\Pipeline\\{closure}()
#18 D:\\OpenServer\\domains\\e-ijara\\e-ijara-front\\vendor\\laravel\\framework\\src\\Illuminate\\Routing\\Router.php(723): Illuminate\\Pipeline\\Pipeline->then()
#19 D:\\OpenServer\\domains\\e-ijara\\e-ijara-front\\vendor\\laravel\\framework\\src\\Illuminate\\Routing\\Router.php(698): Illuminate\\Routing\\Router->runRouteWithinStack()
#20 D:\\OpenServer\\domains\\e-ijara\\e-ijara-front\\vendor\\laravel\\framework\\src\\Illuminate\\Routing\\Router.php(662): Illuminate\\Routing\\Router->runRoute()
#21 D:\\OpenServer\\domains\\e-ijara\\e-ijara-front\\vendor\\laravel\\framework\\src\\Illuminate\\Routing\\Router.php(651): Illuminate\\Routing\\Router->dispatchToRoute()
#22 D:\\OpenServer\\domains\\e-ijara\\e-ijara-front\\vendor\\laravel\\framework\\src\\Illuminate\\Foundation\\Http\\Kernel.php(167): Illuminate\\Routing\\Router->dispatch()
#23 D:\\OpenServer\\domains\\e-ijara\\e-ijara-front\\vendor\\laravel\\framework\\src\\Illuminate\\Pipeline\\Pipeline.php(128): Illuminate\\Foundation\\Http\\Kernel->Illuminate\\Foundation\\Http\\{closure}()
#24 D:\\OpenServer\\domains\\e-ijara\\e-ijara-front\\vendor\\barryvdh\\laravel-debugbar\\src\\Middleware\\InjectDebugbar.php(60): Illuminate\\Pipeline\\Pipeline->Illuminate\\Pipeline\\{closure}()
#25 D:\\OpenServer\\domains\\e-ijara\\e-ijara-front\\vendor\\laravel\\framework\\src\\Illuminate\\Pipeline\\Pipeline.php(167): Barryvdh\\Debugbar\\Middleware\\InjectDebugbar->handle()
#26 D:\\OpenServer\\domains\\e-ijara\\e-ijara-front\\app\\Http\\Middleware\\JsonMiddleware.php(21): Illuminate\\Pipeline\\Pipeline->Illuminate\\Pipeline\\{closure}()
#27 D:\\OpenServer\\domains\\e-ijara\\e-ijara-front\\vendor\\laravel\\framework\\src\\Illuminate\\Pipeline\\Pipeline.php(167): App\\Http\\Middleware\\JsonMiddleware->handle()
#28 D:\\OpenServer\\domains\\e-ijara\\e-ijara-front\\vendor\\laravel\\framework\\src\\Illuminate\\Foundation\\Http\\Middleware\\TransformsRequest.php(21): Illuminate\\Pipeline\\Pipeline->Illuminate\\Pipeline\\{closure}()
#29 D:\\OpenServer\\domains\\e-ijara\\e-ijara-front\\vendor\\laravel\\framework\\src\\Illuminate\\Foundation\\Http\\Middleware\\ConvertEmptyStringsToNull.php(31): Illuminate\\Foundation\\Http\\Middleware\\TransformsRequest->handle()
#30 D:\\OpenServer\\domains\\e-ijara\\e-ijara-front\\vendor\\laravel\\framework\\src\\Illuminate\\Pipeline\\Pipeline.php(167): Illuminate\\Foundation\\Http\\Middleware\\ConvertEmptyStringsToNull->handle()
#31 D:\\OpenServer\\domains\\e-ijara\\e-ijara-front\\vendor\\laravel\\framework\\src\\Illuminate\\Foundation\\Http\\Middleware\\TransformsRequest.php(21): Illuminate\\Pipeline\\Pipeline->Illuminate\\Pipeline\\{closure}()
#32 D:\\OpenServer\\domains\\e-ijara\\e-ijara-front\\vendor\\laravel\\framework\\src\\Illuminate\\Foundation\\Http\\Middleware\\TrimStrings.php(40): Illuminate\\Foundation\\Http\\Middleware\\TransformsRequest->handle()
#33 D:\\OpenServer\\domains\\e-ijara\\e-ijara-front\\vendor\\laravel\\framework\\src\\Illuminate\\Pipeline\\Pipeline.php(167): Illuminate\\Foundation\\Http\\Middleware\\TrimStrings->handle()
#34 D:\\OpenServer\\domains\\e-ijara\\e-ijara-front\\vendor\\laravel\\framework\\src\\Illuminate\\Foundation\\Http\\Middleware\\ValidatePostSize.php(27): Illuminate\\Pipeline\\Pipeline->Illuminate\\Pipeline\\{closure}()
#35 D:\\OpenServer\\domains\\e-ijara\\e-ijara-front\\vendor\\laravel\\framework\\src\\Illuminate\\Pipeline\\Pipeline.php(167): Illuminate\\Foundation\\Http\\Middleware\\ValidatePostSize->handle()
#36 D:\\OpenServer\\domains\\e-ijara\\e-ijara-front\\vendor\\laravel\\framework\\src\\Illuminate\\Foundation\\Http\\Middleware\\PreventRequestsDuringMaintenance.php(86): Illuminate\\Pipeline\\Pipeline->Illuminate\\Pipeline\\{closure}()
#37 D:\\OpenServer\\domains\\e-ijara\\e-ijara-front\\vendor\\laravel\\framework\\src\\Illuminate\\Pipeline\\Pipeline.php(167): Illuminate\\Foundation\\Http\\Middleware\\PreventRequestsDuringMaintenance->handle()
#38 D:\\OpenServer\\domains\\e-ijara\\e-ijara-front\\vendor\\fruitcake\\laravel-cors\\src\\HandleCors.php(52): Illuminate\\Pipeline\\Pipeline->Illuminate\\Pipeline\\{closure}()
#39 D:\\OpenServer\\domains\\e-ijara\\e-ijara-front\\vendor\\laravel\\framework\\src\\Illuminate\\Pipeline\\Pipeline.php(167): Fruitcake\\Cors\\HandleCors->handle()
#40 D:\\OpenServer\\domains\\e-ijara\\e-ijara-front\\vendor\\fideloper\\proxy\\src\\TrustProxies.php(57): Illuminate\\Pipeline\\Pipeline->Illuminate\\Pipeline\\{closure}()
#41 D:\\OpenServer\\domains\\e-ijara\\e-ijara-front\\vendor\\laravel\\framework\\src\\Illuminate\\Pipeline\\Pipeline.php(167): Fideloper\\Proxy\\TrustProxies->handle()
#42 D:\\OpenServer\\domains\\e-ijara\\e-ijara-front\\vendor\\laravel\\framework\\src\\Illuminate\\Pipeline\\Pipeline.php(103): Illuminate\\Pipeline\\Pipeline->Illuminate\\Pipeline\\{closure}()
#43 D:\\OpenServer\\domains\\e-ijara\\e-ijara-front\\vendor\\laravel\\framework\\src\\Illuminate\\Foundation\\Http\\Kernel.php(142): Illuminate\\Pipeline\\Pipeline->then()
#44 D:\\OpenServer\\domains\\e-ijara\\e-ijara-front\\vendor\\laravel\\framework\\src\\Illuminate\\Foundation\\Http\\Kernel.php(111): Illuminate\\Foundation\\Http\\Kernel->sendRequestThroughRouter()
#45 D:\\OpenServer\\domains\\e-ijara\\e-ijara-front\\public\\index.php(52): Illuminate\\Foundation\\Http\\Kernel->handle()
#46 {main}
"} 
[2022-05-30 19:35:17] production.ERROR: No application encryption key has been specified. {"exception":"[object] (Illuminate\\Encryption\\MissingAppKeyException(code: 0): No application encryption key has been specified. at D:\\OpenServer\\domains\\e-ijara\\e-ijara-front\\vendor\\laravel\\framework\\src\\Illuminate\\Encryption\\EncryptionServiceProvider.php:101)
[stacktrace]
#0 D:\\OpenServer\\domains\\e-ijara\\e-ijara-front\\vendor\\laravel\\framework\\src\\Illuminate\\Support\\helpers.php(263): Illuminate\\Encryption\\EncryptionServiceProvider->Illuminate\\Encryption\\{closure}()
#1 D:\\OpenServer\\domains\\e-ijara\\e-ijara-front\\vendor\\laravel\\framework\\src\\Illuminate\\Encryption\\EncryptionServiceProvider.php(103): tap()
#2 D:\\OpenServer\\domains\\e-ijara\\e-ijara-front\\vendor\\laravel\\framework\\src\\Illuminate\\Encryption\\EncryptionServiceProvider.php(82): Illuminate\\Encryption\\EncryptionServiceProvider->key()
#3 D:\\OpenServer\\domains\\e-ijara\\e-ijara-front\\vendor\\laravel\\framework\\src\\Illuminate\\Encryption\\EncryptionServiceProvider.php(34): Illuminate\\Encryption\\EncryptionServiceProvider->parseKey()
#4 D:\\OpenServer\\domains\\e-ijara\\e-ijara-front\\vendor\\laravel\\framework\\src\\Illuminate\\Container\\Container.php(873): Illuminate\\Encryption\\EncryptionServiceProvider->Illuminate\\Encryption\\{closure}()
#5 D:\\OpenServer\\domains\\e-ijara\\e-ijara-front\\vendor\\laravel\\framework\\src\\Illuminate\\Container\\Container.php(758): Illuminate\\Container\\Container->build()
#6 D:\\OpenServer\\domains\\e-ijara\\e-ijara-front\\vendor\\laravel\\framework\\src\\Illuminate\\Foundation\\Application.php(851): Illuminate\\Container\\Container->resolve()
#7 D:\\OpenServer\\domains\\e-ijara\\e-ijara-front\\vendor\\laravel\\framework\\src\\Illuminate\\Container\\Container.php(694): Illuminate\\Foundation\\Application->resolve()
#8 D:\\OpenServer\\domains\\e-ijara\\e-ijara-front\\vendor\\laravel\\framework\\src\\Illuminate\\Foundation\\Application.php(836): Illuminate\\Container\\Container->make()
#9 D:\\OpenServer\\domains\\e-ijara\\e-ijara-front\\vendor\\laravel\\framework\\src\\Illuminate\\Container\\Container.php(1027): Illuminate\\Foundation\\Application->make()
#10 D:\\OpenServer\\domains\\e-ijara\\e-ijara-front\\vendor\\laravel\\framework\\src\\Illuminate\\Container\\Container.php(947): Illuminate\\Container\\Container->resolveClass()
#11 D:\\OpenServer\\domains\\e-ijara\\e-ijara-front\\vendor\\laravel\\framework\\src\\Illuminate\\Container\\Container.php(908): Illuminate\\Container\\Container->resolveDependencies()
#12 D:\\OpenServer\\domains\\e-ijara\\e-ijara-front\\vendor\\laravel\\framework\\src\\Illuminate\\Container\\Container.php(758): Illuminate\\Container\\Container->build()
#13 D:\\OpenServer\\domains\\e-ijara\\e-ijara-front\\vendor\\laravel\\framework\\src\\Illuminate\\Foundation\\Application.php(851): Illuminate\\Container\\Container->resolve()
#14 D:\\OpenServer\\domains\\e-ijara\\e-ijara-front\\vendor\\laravel\\framework\\src\\Illuminate\\Container\\Container.php(694): Illuminate\\Foundation\\Application->resolve()
#15 D:\\OpenServer\\domains\\e-ijara\\e-ijara-front\\vendor\\laravel\\framework\\src\\Illuminate\\Foundation\\Application.php(836): Illuminate\\Container\\Container->make()
#16 D:\\OpenServer\\domains\\e-ijara\\e-ijara-front\\vendor\\laravel\\framework\\src\\Illuminate\\Foundation\\Http\\Kernel.php(206): Illuminate\\Foundation\\Application->make()
#17 D:\\OpenServer\\domains\\e-ijara\\e-ijara-front\\vendor\\laravel\\framework\\src\\Illuminate\\Foundation\\Http\\Kernel.php(180): Illuminate\\Foundation\\Http\\Kernel->terminateMiddleware()
#18 D:\\OpenServer\\domains\\e-ijara\\e-ijara-front\\public\\index.php(55): Illuminate\\Foundation\\Http\\Kernel->terminate()
#19 {main}
"} 
